<?xml version="1.0" encoding="UTF-8"?>
<testsuite name="com.pact.consumer.ConsumerA" tests="1" skipped="0" failures="0" errors="0" timestamp="2018-09-30T06:13:56" hostname="DESKTOP-F5H89SR" time="2.6">
  <properties/>
  <testcase name="runTest" classname="com.pact.consumer.ConsumerA" time="2.6"/>
  <system-out><![CDATA[11:43:56.718 [Test worker] DEBUG au.com.dius.pact.consumer.BaseMockServer - Starting mock server
11:43:56.722 [Test worker] DEBUG au.com.dius.pact.consumer.BaseMockServer - Mock server started: /127.0.0.1:8112
11:43:57.258 [Test worker] DEBUG org.apache.http.impl.conn.BasicHttpClientConnectionManager - Get connection for route {}->http://localhost:8112
11:43:57.280 [Test worker] DEBUG org.apache.http.impl.conn.DefaultHttpClientConnectionOperator - Connecting to localhost/127.0.0.1:8112
11:43:57.284 [Test worker] DEBUG org.apache.http.impl.conn.DefaultHttpClientConnectionOperator - Connection established 127.0.0.1:52138<->127.0.0.1:8112
11:43:57.287 [Test worker] DEBUG org.apache.http.headers - http-outgoing-0 >> OPTIONS / HTTP/1.1
11:43:57.287 [Test worker] DEBUG org.apache.http.headers - http-outgoing-0 >> X-PACT-BOOTCHECK: true
11:43:57.287 [Test worker] DEBUG org.apache.http.headers - http-outgoing-0 >> Host: localhost:8112
11:43:57.287 [Test worker] DEBUG org.apache.http.headers - http-outgoing-0 >> Connection: Keep-Alive
11:43:57.288 [Test worker] DEBUG org.apache.http.headers - http-outgoing-0 >> User-Agent: Apache-HttpClient/4.5.3 (Java/1.8.0_144)
11:43:57.289 [Test worker] DEBUG org.apache.http.wire - http-outgoing-0 >> "OPTIONS / HTTP/1.1[\r][\n]"
11:43:57.289 [Test worker] DEBUG org.apache.http.wire - http-outgoing-0 >> "X-PACT-BOOTCHECK: true[\r][\n]"
11:43:57.289 [Test worker] DEBUG org.apache.http.wire - http-outgoing-0 >> "Host: localhost:8112[\r][\n]"
11:43:57.289 [Test worker] DEBUG org.apache.http.wire - http-outgoing-0 >> "Connection: Keep-Alive[\r][\n]"
11:43:57.289 [Test worker] DEBUG org.apache.http.wire - http-outgoing-0 >> "User-Agent: Apache-HttpClient/4.5.3 (Java/1.8.0_144)[\r][\n]"
11:43:57.291 [Test worker] DEBUG org.apache.http.wire - http-outgoing-0 >> "[\r][\n]"
11:43:57.298 [Test worker] DEBUG org.apache.http.wire - http-outgoing-0 << "HTTP/1.1 200 OK[\r][\n]"
11:43:57.298 [Test worker] DEBUG org.apache.http.wire - http-outgoing-0 << "Date: Sun, 30 Sep 2018 06:13:57 GMT[\r][\n]"
11:43:57.298 [Test worker] DEBUG org.apache.http.wire - http-outgoing-0 << "Transfer-encoding: chunked[\r][\n]"
11:43:57.298 [Test worker] DEBUG org.apache.http.wire - http-outgoing-0 << "X-pact-bootcheck: true[\r][\n]"
11:43:57.298 [Test worker] DEBUG org.apache.http.wire - http-outgoing-0 << "[\r][\n]"
11:43:57.302 [Test worker] DEBUG org.apache.http.headers - http-outgoing-0 << HTTP/1.1 200 OK
11:43:57.302 [Test worker] DEBUG org.apache.http.headers - http-outgoing-0 << Date: Sun, 30 Sep 2018 06:13:57 GMT
11:43:57.303 [Test worker] DEBUG org.apache.http.headers - http-outgoing-0 << Transfer-encoding: chunked
11:43:57.303 [Test worker] DEBUG org.apache.http.headers - http-outgoing-0 << X-pact-bootcheck: true
11:43:57.314 [Test worker] DEBUG org.apache.http.impl.conn.DefaultManagedHttpClientConnection - http-outgoing-0: Close connection
11:43:57.315 [Test worker] DEBUG org.apache.http.impl.execchain.MinimalClientExec - Connection discarded
11:43:57.315 [Test worker] DEBUG org.apache.http.impl.conn.BasicHttpClientConnectionManager - Releasing connection [Not bound]
11:43:58.095 [Test worker] DEBUG org.apache.http.impl.conn.BasicClientConnectionManager - Get connection for route {}->http://localhost:8112
11:43:58.101 [Test worker] DEBUG org.apache.http.impl.conn.DefaultClientConnectionOperator - Connecting to localhost:8112
11:43:58.108 [Test worker] DEBUG org.apache.http.client.protocol.RequestAddCookies - CookieSpec selected: ignoreCookies
11:43:58.110 [Test worker] DEBUG org.apache.http.client.protocol.RequestAuthCache - Auth cache not set in the context
11:43:58.110 [Test worker] DEBUG org.apache.http.client.protocol.RequestTargetAuthentication - Target auth state: UNCHALLENGED
11:43:58.111 [Test worker] DEBUG org.apache.http.client.protocol.RequestProxyAuthentication - Proxy auth state: UNCHALLENGED
11:43:58.111 [Test worker] DEBUG org.apache.http.impl.client.DefaultHttpClient - Attempt 1 to execute request
11:43:58.111 [Test worker] DEBUG org.apache.http.impl.conn.DefaultClientConnection - Sending request: GET /user/Peter/214 HTTP/1.1
11:43:58.112 [Test worker] DEBUG org.apache.http.wire -  >> "GET /user/Peter/214 HTTP/1.1[\r][\n]"
11:43:58.113 [Test worker] DEBUG org.apache.http.wire -  >> "Content-Type: application/json; charset=UTF-8[\r][\n]"
11:43:58.113 [Test worker] DEBUG org.apache.http.wire -  >> "Accept: */*[\r][\n]"
11:43:58.113 [Test worker] DEBUG org.apache.http.wire -  >> "Content-Length: 0[\r][\n]"
11:43:58.113 [Test worker] DEBUG org.apache.http.wire -  >> "Host: localhost:8112[\r][\n]"
11:43:58.113 [Test worker] DEBUG org.apache.http.wire -  >> "Connection: Keep-Alive[\r][\n]"
11:43:58.113 [Test worker] DEBUG org.apache.http.wire -  >> "User-Agent: Apache-HttpClient/4.5.3 (Java/1.8.0_144)[\r][\n]"
11:43:58.113 [Test worker] DEBUG org.apache.http.wire -  >> "Accept-Encoding: gzip,deflate[\r][\n]"
11:43:58.113 [Test worker] DEBUG org.apache.http.wire -  >> "[\r][\n]"
11:43:58.113 [Test worker] DEBUG org.apache.http.headers - >> GET /user/Peter/214 HTTP/1.1
11:43:58.113 [Test worker] DEBUG org.apache.http.headers - >> Content-Type: application/json; charset=UTF-8
11:43:58.113 [Test worker] DEBUG org.apache.http.headers - >> Accept: */*
11:43:58.113 [Test worker] DEBUG org.apache.http.headers - >> Content-Length: 0
11:43:58.114 [Test worker] DEBUG org.apache.http.headers - >> Host: localhost:8112
11:43:58.114 [Test worker] DEBUG org.apache.http.headers - >> Connection: Keep-Alive
11:43:58.114 [Test worker] DEBUG org.apache.http.headers - >> User-Agent: Apache-HttpClient/4.5.3 (Java/1.8.0_144)
11:43:58.114 [Test worker] DEBUG org.apache.http.headers - >> Accept-Encoding: gzip,deflate
11:43:58.135 [Thread-5] DEBUG au.com.dius.pact.consumer.BaseMockServer - Received request: 	method: GET
	path: /user/Peter/214
	query: [:]
	headers: [Accept-encoding:gzip,deflate, Accept:*/*, Connection:Keep-Alive, Host:localhost:8112, User-agent:Apache-HttpClient/4.5.3 (Java/1.8.0_144), Content-type:application/json; charset=UTF-8, Content-length:0]
	matchers: MatchingRules(rules={})
	generators: Generators(categories={})
	body: OptionalBody(state=EMPTY, value=)
11:43:58.182 [Thread-5] DEBUG au.com.dius.pact.model.RequestMatching$ - comparing to expected request: 
	method: GET
	path: /user/Peter/214
	query: [:]
	headers: [:]
	matchers: MatchingRules(rules={})
	generators: Generators(categories={})
	body: OptionalBody(state=MISSING, value=null)
11:43:58.351 [Thread-5] DEBUG au.com.dius.pact.model.RequestMatching$ - Request mismatch: List()
11:43:58.415 [Thread-5] DEBUG au.com.dius.pact.consumer.BaseMockServer - Generating response: 	status: 200
	headers: [Content-Type:application/json]
	matchers: MatchingRules(rules={body=Category(name=body, matchingRules={$.empid=MatchingRuleGroup(rules=[au.com.dius.pact.model.matchingrules.TypeMatcher@c56bacb], ruleLogic=AND), $.age=MatchingRuleGroup(rules=[NumberTypeMatcher(numberType=INTEGER)], ruleLogic=AND)})})
	generators: Generators(categories={})
	body: OptionalBody(state=PRESENT, value={"empid":"214","age":30})
11:43:58.420 [Test worker] DEBUG org.apache.http.wire -  << "HTTP/1.1 200 OK[\r][\n]"
11:43:58.420 [Test worker] DEBUG org.apache.http.wire -  << "Date: Sun, 30 Sep 2018 06:13:58 GMT[\r][\n]"
11:43:58.420 [Test worker] DEBUG org.apache.http.wire -  << "Content-length: 24[\r][\n]"
11:43:58.420 [Test worker] DEBUG org.apache.http.wire -  << "Content-Type: application/json[\r][\n]"
11:43:58.420 [Test worker] DEBUG org.apache.http.wire -  << "[\r][\n]"
11:43:58.420 [Test worker] DEBUG org.apache.http.impl.conn.DefaultClientConnection - Receiving response: HTTP/1.1 200 OK
11:43:58.420 [Test worker] DEBUG org.apache.http.headers - << HTTP/1.1 200 OK
11:43:58.420 [Test worker] DEBUG org.apache.http.headers - << Date: Sun, 30 Sep 2018 06:13:58 GMT
11:43:58.420 [Test worker] DEBUG org.apache.http.headers - << Content-length: 24
11:43:58.420 [Test worker] DEBUG org.apache.http.headers - << Content-Type: application/json
11:43:58.421 [Test worker] DEBUG org.apache.http.impl.client.DefaultHttpClient - Connection can be kept alive indefinitely
11:43:58.442 [Test worker] DEBUG com.jayway.restassured.internal.RequestSpecificationImpl$RestAssuredHttpBuilder - Parsing response as: application/json
11:43:58.442 [Test worker] DEBUG com.jayway.restassured.internal.RequestSpecificationImpl$RestAssuredHttpBuilder - Parsed data to instance of: class org.apache.http.conn.EofSensorInputStream
11:43:58.603 [Test worker] DEBUG au.com.dius.pact.consumer.BaseMockServer - Mock server shutdown
11:43:58.618 [Test worker] DEBUG au.com.dius.pact.consumer.BaseMockServer - Writing pact ConsumerA -> UserService to file pacts\ConsumerA-UserService.json
]]></system-out>
  <system-err><![CDATA[]]></system-err>
</testsuite>
