<?xml version="1.0" encoding="UTF-8"?>
<testsuite name="com.pact.consumer.ConsumerB" tests="1" skipped="0" failures="0" errors="0" timestamp="2021-02-02T09:24:15" hostname="DESKTOP-F5H89SR" time="0.199">
  <properties/>
  <testcase name="runTest" classname="com.pact.consumer.ConsumerB" time="0.199"/>
  <system-out><![CDATA[14:54:15.715 [Test worker] DEBUG au.com.dius.pact.consumer.BaseJdkMockServer - Starting mock server
14:54:15.716 [Test worker] DEBUG au.com.dius.pact.consumer.BaseJdkMockServer - Mock server started: /127.0.0.1:8112
14:54:15.740 [Test worker] DEBUG org.apache.http.client.protocol.RequestAddCookies - CookieSpec selected: default
14:54:15.741 [Test worker] DEBUG org.apache.http.client.protocol.RequestAuthCache - Auth cache not set in the context
14:54:15.741 [Test worker] DEBUG org.apache.http.impl.conn.BasicHttpClientConnectionManager - Get connection for route {}->http://localhost:8112
14:54:15.741 [Test worker] DEBUG org.apache.http.impl.conn.DefaultManagedHttpClientConnection - http-outgoing-1: set socket timeout to 0
14:54:15.741 [Test worker] DEBUG org.apache.http.impl.execchain.MainClientExec - Opening connection {}->http://localhost:8112
14:54:15.741 [Test worker] DEBUG org.apache.http.impl.conn.DefaultHttpClientConnectionOperator - Connecting to localhost/127.0.0.1:8112
14:54:15.745 [Test worker] DEBUG org.apache.http.impl.conn.DefaultHttpClientConnectionOperator - Connection established 127.0.0.1:63087<->127.0.0.1:8112
14:54:15.745 [Test worker] DEBUG org.apache.http.impl.execchain.MainClientExec - Executing request OPTIONS / HTTP/1.1
14:54:15.745 [Test worker] DEBUG org.apache.http.impl.execchain.MainClientExec - Target auth state: UNCHALLENGED
14:54:15.745 [Test worker] DEBUG org.apache.http.impl.execchain.MainClientExec - Proxy auth state: UNCHALLENGED
14:54:15.745 [Test worker] DEBUG org.apache.http.headers - http-outgoing-1 >> OPTIONS / HTTP/1.1
14:54:15.746 [Test worker] DEBUG org.apache.http.headers - http-outgoing-1 >> X-PACT-BOOTCHECK: true
14:54:15.746 [Test worker] DEBUG org.apache.http.headers - http-outgoing-1 >> Host: localhost:8112
14:54:15.746 [Test worker] DEBUG org.apache.http.headers - http-outgoing-1 >> Connection: Keep-Alive
14:54:15.746 [Test worker] DEBUG org.apache.http.headers - http-outgoing-1 >> User-Agent: Apache-HttpClient/4.5.5 (Java/1.8.0_144)
14:54:15.746 [Test worker] DEBUG org.apache.http.headers - http-outgoing-1 >> Accept-Encoding: gzip,deflate
14:54:15.746 [Test worker] DEBUG org.apache.http.wire - http-outgoing-1 >> "OPTIONS / HTTP/1.1[\r][\n]"
14:54:15.746 [Test worker] DEBUG org.apache.http.wire - http-outgoing-1 >> "X-PACT-BOOTCHECK: true[\r][\n]"
14:54:15.746 [Test worker] DEBUG org.apache.http.wire - http-outgoing-1 >> "Host: localhost:8112[\r][\n]"
14:54:15.746 [Test worker] DEBUG org.apache.http.wire - http-outgoing-1 >> "Connection: Keep-Alive[\r][\n]"
14:54:15.746 [Test worker] DEBUG org.apache.http.wire - http-outgoing-1 >> "User-Agent: Apache-HttpClient/4.5.5 (Java/1.8.0_144)[\r][\n]"
14:54:15.746 [Test worker] DEBUG org.apache.http.wire - http-outgoing-1 >> "Accept-Encoding: gzip,deflate[\r][\n]"
14:54:15.746 [Test worker] DEBUG org.apache.http.wire - http-outgoing-1 >> "[\r][\n]"
14:54:15.747 [Test worker] DEBUG org.apache.http.wire - http-outgoing-1 << "HTTP/1.1 200 OK[\r][\n]"
14:54:15.748 [Test worker] DEBUG org.apache.http.wire - http-outgoing-1 << "Date: Tue, 02 Feb 2021 09:24:15 GMT[\r][\n]"
14:54:15.748 [Test worker] DEBUG org.apache.http.wire - http-outgoing-1 << "Transfer-encoding: chunked[\r][\n]"
14:54:15.748 [Test worker] DEBUG org.apache.http.wire - http-outgoing-1 << "X-pact-bootcheck: true[\r][\n]"
14:54:15.748 [Test worker] DEBUG org.apache.http.wire - http-outgoing-1 << "[\r][\n]"
14:54:15.748 [Test worker] DEBUG org.apache.http.headers - http-outgoing-1 << HTTP/1.1 200 OK
14:54:15.748 [Test worker] DEBUG org.apache.http.headers - http-outgoing-1 << Date: Tue, 02 Feb 2021 09:24:15 GMT
14:54:15.748 [Test worker] DEBUG org.apache.http.headers - http-outgoing-1 << Transfer-encoding: chunked
14:54:15.748 [Test worker] DEBUG org.apache.http.headers - http-outgoing-1 << X-pact-bootcheck: true
14:54:15.748 [Test worker] DEBUG org.apache.http.impl.execchain.MainClientExec - Connection can be kept alive indefinitely
14:54:15.748 [Test worker] DEBUG org.apache.http.impl.conn.DefaultManagedHttpClientConnection - http-outgoing-1: Close connection
14:54:15.749 [Test worker] DEBUG org.apache.http.impl.execchain.MainClientExec - Connection discarded
14:54:15.749 [Test worker] DEBUG org.apache.http.impl.conn.BasicHttpClientConnectionManager - Releasing connection [Not bound]
14:54:15.766 [Test worker] DEBUG org.apache.http.impl.conn.BasicClientConnectionManager - Get connection for route {}->http://localhost:8112
14:54:15.766 [Test worker] DEBUG org.apache.http.impl.conn.DefaultClientConnectionOperator - Connecting to localhost:8112
14:54:15.767 [Test worker] DEBUG org.apache.http.client.protocol.RequestAddCookies - CookieSpec selected: ignoreCookies
14:54:15.767 [Test worker] DEBUG org.apache.http.client.protocol.RequestAuthCache - Auth cache not set in the context
14:54:15.767 [Test worker] DEBUG org.apache.http.client.protocol.RequestTargetAuthentication - Target auth state: UNCHALLENGED
14:54:15.767 [Test worker] DEBUG org.apache.http.client.protocol.RequestProxyAuthentication - Proxy auth state: UNCHALLENGED
14:54:15.767 [Test worker] DEBUG org.apache.http.impl.client.DefaultHttpClient - Attempt 1 to execute request
14:54:15.767 [Test worker] DEBUG org.apache.http.impl.conn.DefaultClientConnection - Sending request: GET /user/Peter/214 HTTP/1.1
14:54:15.768 [Test worker] DEBUG org.apache.http.wire -  >> "GET /user/Peter/214 HTTP/1.1[\r][\n]"
14:54:15.768 [Test worker] DEBUG org.apache.http.wire -  >> "Content-Type: application/json; charset=UTF-8[\r][\n]"
14:54:15.768 [Test worker] DEBUG org.apache.http.wire -  >> "Accept: */*[\r][\n]"
14:54:15.768 [Test worker] DEBUG org.apache.http.wire -  >> "Host: localhost:8112[\r][\n]"
14:54:15.768 [Test worker] DEBUG org.apache.http.wire -  >> "Connection: Keep-Alive[\r][\n]"
14:54:15.768 [Test worker] DEBUG org.apache.http.wire -  >> "User-Agent: Apache-HttpClient/4.5.5 (Java/1.8.0_144)[\r][\n]"
14:54:15.768 [Test worker] DEBUG org.apache.http.wire -  >> "Accept-Encoding: gzip,deflate[\r][\n]"
14:54:15.768 [Test worker] DEBUG org.apache.http.wire -  >> "[\r][\n]"
14:54:15.768 [Test worker] DEBUG org.apache.http.headers - >> GET /user/Peter/214 HTTP/1.1
14:54:15.768 [Test worker] DEBUG org.apache.http.headers - >> Content-Type: application/json; charset=UTF-8
14:54:15.769 [Test worker] DEBUG org.apache.http.headers - >> Accept: */*
14:54:15.769 [Test worker] DEBUG org.apache.http.headers - >> Host: localhost:8112
14:54:15.769 [Test worker] DEBUG org.apache.http.headers - >> Connection: Keep-Alive
14:54:15.769 [Test worker] DEBUG org.apache.http.headers - >> User-Agent: Apache-HttpClient/4.5.5 (Java/1.8.0_144)
14:54:15.769 [Test worker] DEBUG org.apache.http.headers - >> Accept-Encoding: gzip,deflate
14:54:15.769 [Thread-7] DEBUG au.com.dius.pact.consumer.BaseJdkMockServer - Received request: 	method: GET
	path: /user/Peter/214
	query: {}
	headers: {Accept-encoding=[gzip,deflate], Accept=[*/*], Connection=[Keep-Alive], Host=[localhost:8112], User-agent=[Apache-HttpClient/4.5.5 (Java/1.8.0_144)], Content-type=[application/json; charset=UTF-8]}
	matchers: MatchingRules(rules={})
	generators: Generators(categories={})
	body: EMPTY
14:54:15.769 [Thread-7] DEBUG au.com.dius.pact.core.matchers.RequestMatching - comparing to expected request: 
	method: GET
	path: /user/Peter/214
	query: {}
	headers: {}
	matchers: MatchingRules(rules={})
	generators: Generators(categories={})
	body: MISSING
14:54:15.770 [Thread-7] DEBUG au.com.dius.pact.core.matchers.RequestMatching - Request mismatch: []
14:54:15.770 [Thread-7] DEBUG au.com.dius.pact.consumer.BaseJdkMockServer - Generating response: 	status: 200
	headers: {Content-Type=[application/json]}
	matchers: MatchingRules(rules={body=Category(name=body, matchingRules={$.name=MatchingRuleGroup(rules=[au.com.dius.pact.core.model.matchingrules.TypeMatcher@6d9dee3f], ruleLogic=AND), $.empid=MatchingRuleGroup(rules=[au.com.dius.pact.core.model.matchingrules.TypeMatcher@6d9dee3f], ruleLogic=AND)})})
	generators: Generators(categories={})
	body: PRESENT({"empid":"214","name":"Peter"})
14:54:15.771 [Test worker] DEBUG org.apache.http.wire -  << "HTTP/1.1 200 OK[\r][\n]"
14:54:15.771 [Test worker] DEBUG org.apache.http.wire -  << "Date: Tue, 02 Feb 2021 09:24:15 GMT[\r][\n]"
14:54:15.771 [Test worker] DEBUG org.apache.http.wire -  << "Content-length: 30[\r][\n]"
14:54:15.771 [Test worker] DEBUG org.apache.http.wire -  << "Content-Type: application/json[\r][\n]"
14:54:15.771 [Test worker] DEBUG org.apache.http.wire -  << "[\r][\n]"
14:54:15.772 [Test worker] DEBUG org.apache.http.impl.conn.DefaultClientConnection - Receiving response: HTTP/1.1 200 OK
14:54:15.772 [Test worker] DEBUG org.apache.http.headers - << HTTP/1.1 200 OK
14:54:15.772 [Test worker] DEBUG org.apache.http.headers - << Date: Tue, 02 Feb 2021 09:24:15 GMT
14:54:15.772 [Test worker] DEBUG org.apache.http.headers - << Content-length: 30
14:54:15.772 [Test worker] DEBUG org.apache.http.headers - << Content-Type: application/json
14:54:15.772 [Test worker] DEBUG org.apache.http.impl.client.DefaultHttpClient - Connection can be kept alive indefinitely
14:54:15.772 [Test worker] DEBUG io.restassured.internal.RequestSpecificationImpl$RestAssuredHttpBuilder - Parsing response as: application/json
14:54:15.772 [Test worker] DEBUG io.restassured.internal.RequestSpecificationImpl$RestAssuredHttpBuilder - Parsed data to instance of: class org.apache.http.conn.EofSensorInputStream
14:54:15.879 [Test worker] DEBUG au.com.dius.pact.consumer.BaseJdkMockServer - Mock server shutdown
14:54:15.880 [Test worker] DEBUG au.com.dius.pact.consumer.BaseMockServer - Writing pact ConsumerB -> UserService to file build\pacts\ConsumerB-UserService.json
]]></system-out>
  <system-err><![CDATA[]]></system-err>
</testsuite>
