<?xml version="1.0" encoding="UTF-8"?>
<testsuite name="com.pact.consumer.ConsumerA" tests="1" skipped="0" failures="0" errors="0" timestamp="2018-11-30T17:04:49" hostname="DESKTOP-F5H89SR" time="2.728">
  <properties/>
  <testcase name="runTest" classname="com.pact.consumer.ConsumerA" time="2.728"/>
  <system-out><![CDATA[22:34:50.383 [Test worker] DEBUG au.com.dius.pact.consumer.BaseMockServer - Starting mock server
22:34:50.388 [Test worker] DEBUG au.com.dius.pact.consumer.BaseMockServer - Mock server started: /127.0.0.1:8112
22:34:50.966 [Test worker] DEBUG org.apache.http.impl.conn.BasicHttpClientConnectionManager - Get connection for route {}->http://localhost:8112
22:34:50.989 [Test worker] DEBUG org.apache.http.impl.conn.DefaultHttpClientConnectionOperator - Connecting to localhost/127.0.0.1:8112
22:34:50.992 [Test worker] DEBUG org.apache.http.impl.conn.DefaultHttpClientConnectionOperator - Connection established 127.0.0.1:53064<->127.0.0.1:8112
22:34:50.995 [Test worker] DEBUG org.apache.http.headers - http-outgoing-0 >> OPTIONS / HTTP/1.1
22:34:50.996 [Test worker] DEBUG org.apache.http.headers - http-outgoing-0 >> X-PACT-BOOTCHECK: true
22:34:50.996 [Test worker] DEBUG org.apache.http.headers - http-outgoing-0 >> Host: localhost:8112
22:34:50.997 [Test worker] DEBUG org.apache.http.headers - http-outgoing-0 >> Connection: Keep-Alive
22:34:50.998 [Test worker] DEBUG org.apache.http.headers - http-outgoing-0 >> User-Agent: Apache-HttpClient/4.5.3 (Java/1.8.0_144)
22:34:50.998 [Test worker] DEBUG org.apache.http.wire - http-outgoing-0 >> "OPTIONS / HTTP/1.1[\r][\n]"
22:34:50.999 [Test worker] DEBUG org.apache.http.wire - http-outgoing-0 >> "X-PACT-BOOTCHECK: true[\r][\n]"
22:34:50.999 [Test worker] DEBUG org.apache.http.wire - http-outgoing-0 >> "Host: localhost:8112[\r][\n]"
22:34:51.000 [Test worker] DEBUG org.apache.http.wire - http-outgoing-0 >> "Connection: Keep-Alive[\r][\n]"
22:34:51.001 [Test worker] DEBUG org.apache.http.wire - http-outgoing-0 >> "User-Agent: Apache-HttpClient/4.5.3 (Java/1.8.0_144)[\r][\n]"
22:34:51.001 [Test worker] DEBUG org.apache.http.wire - http-outgoing-0 >> "[\r][\n]"
22:34:51.009 [Test worker] DEBUG org.apache.http.wire - http-outgoing-0 << "HTTP/1.1 200 OK[\r][\n]"
22:34:51.009 [Test worker] DEBUG org.apache.http.wire - http-outgoing-0 << "Date: Fri, 30 Nov 2018 17:04:51 GMT[\r][\n]"
22:34:51.009 [Test worker] DEBUG org.apache.http.wire - http-outgoing-0 << "Transfer-encoding: chunked[\r][\n]"
22:34:51.009 [Test worker] DEBUG org.apache.http.wire - http-outgoing-0 << "X-pact-bootcheck: true[\r][\n]"
22:34:51.009 [Test worker] DEBUG org.apache.http.wire - http-outgoing-0 << "[\r][\n]"
22:34:51.013 [Test worker] DEBUG org.apache.http.headers - http-outgoing-0 << HTTP/1.1 200 OK
22:34:51.014 [Test worker] DEBUG org.apache.http.headers - http-outgoing-0 << Date: Fri, 30 Nov 2018 17:04:51 GMT
22:34:51.014 [Test worker] DEBUG org.apache.http.headers - http-outgoing-0 << Transfer-encoding: chunked
22:34:51.014 [Test worker] DEBUG org.apache.http.headers - http-outgoing-0 << X-pact-bootcheck: true
22:34:51.025 [Test worker] DEBUG org.apache.http.impl.conn.DefaultManagedHttpClientConnection - http-outgoing-0: Close connection
22:34:51.025 [Test worker] DEBUG org.apache.http.impl.execchain.MinimalClientExec - Connection discarded
22:34:51.026 [Test worker] DEBUG org.apache.http.impl.conn.BasicHttpClientConnectionManager - Releasing connection [Not bound]
22:34:51.791 [Test worker] DEBUG org.apache.http.impl.conn.BasicClientConnectionManager - Get connection for route {}->http://localhost:8112
22:34:51.796 [Test worker] DEBUG org.apache.http.impl.conn.DefaultClientConnectionOperator - Connecting to localhost:8112
22:34:51.802 [Test worker] DEBUG org.apache.http.client.protocol.RequestAddCookies - CookieSpec selected: ignoreCookies
22:34:51.805 [Test worker] DEBUG org.apache.http.client.protocol.RequestAuthCache - Auth cache not set in the context
22:34:51.805 [Test worker] DEBUG org.apache.http.client.protocol.RequestTargetAuthentication - Target auth state: UNCHALLENGED
22:34:51.805 [Test worker] DEBUG org.apache.http.client.protocol.RequestProxyAuthentication - Proxy auth state: UNCHALLENGED
22:34:51.806 [Test worker] DEBUG org.apache.http.impl.client.DefaultHttpClient - Attempt 1 to execute request
22:34:51.806 [Test worker] DEBUG org.apache.http.impl.conn.DefaultClientConnection - Sending request: GET /user/Peter/214 HTTP/1.1
22:34:51.806 [Test worker] DEBUG org.apache.http.wire -  >> "GET /user/Peter/214 HTTP/1.1[\r][\n]"
22:34:51.807 [Test worker] DEBUG org.apache.http.wire -  >> "Content-Type: application/json; charset=UTF-8[\r][\n]"
22:34:51.807 [Test worker] DEBUG org.apache.http.wire -  >> "Accept: */*[\r][\n]"
22:34:51.807 [Test worker] DEBUG org.apache.http.wire -  >> "Content-Length: 0[\r][\n]"
22:34:51.807 [Test worker] DEBUG org.apache.http.wire -  >> "Host: localhost:8112[\r][\n]"
22:34:51.807 [Test worker] DEBUG org.apache.http.wire -  >> "Connection: Keep-Alive[\r][\n]"
22:34:51.807 [Test worker] DEBUG org.apache.http.wire -  >> "User-Agent: Apache-HttpClient/4.5.3 (Java/1.8.0_144)[\r][\n]"
22:34:51.808 [Test worker] DEBUG org.apache.http.wire -  >> "Accept-Encoding: gzip,deflate[\r][\n]"
22:34:51.808 [Test worker] DEBUG org.apache.http.wire -  >> "[\r][\n]"
22:34:51.808 [Test worker] DEBUG org.apache.http.headers - >> GET /user/Peter/214 HTTP/1.1
22:34:51.808 [Test worker] DEBUG org.apache.http.headers - >> Content-Type: application/json; charset=UTF-8
22:34:51.808 [Test worker] DEBUG org.apache.http.headers - >> Accept: */*
22:34:51.808 [Test worker] DEBUG org.apache.http.headers - >> Content-Length: 0
22:34:51.808 [Test worker] DEBUG org.apache.http.headers - >> Host: localhost:8112
22:34:51.808 [Test worker] DEBUG org.apache.http.headers - >> Connection: Keep-Alive
22:34:51.808 [Test worker] DEBUG org.apache.http.headers - >> User-Agent: Apache-HttpClient/4.5.3 (Java/1.8.0_144)
22:34:51.809 [Test worker] DEBUG org.apache.http.headers - >> Accept-Encoding: gzip,deflate
22:34:51.831 [Thread-5] DEBUG au.com.dius.pact.consumer.BaseMockServer - Received request: 	method: GET
	path: /user/Peter/214
	query: [:]
	headers: [Accept-encoding:gzip,deflate, Accept:*/*, Connection:Keep-Alive, Host:localhost:8112, User-agent:Apache-HttpClient/4.5.3 (Java/1.8.0_144), Content-type:application/json; charset=UTF-8, Content-length:0]
	matchers: MatchingRules(rules={})
	generators: Generators(categories={})
	body: OptionalBody(state=EMPTY, value=)
22:34:51.879 [Thread-5] DEBUG au.com.dius.pact.model.RequestMatching$ - comparing to expected request: 
	method: GET
	path: /user/Peter/214
	query: [:]
	headers: [:]
	matchers: MatchingRules(rules={})
	generators: Generators(categories={})
	body: OptionalBody(state=MISSING, value=null)
22:34:52.061 [Thread-5] DEBUG au.com.dius.pact.model.RequestMatching$ - Request mismatch: List()
22:34:52.128 [Thread-5] DEBUG au.com.dius.pact.consumer.BaseMockServer - Generating response: 	status: 200
	headers: [Content-Type:application/json]
	matchers: MatchingRules(rules={body=Category(name=body, matchingRules={$.empid=MatchingRuleGroup(rules=[au.com.dius.pact.model.matchingrules.TypeMatcher@7d311ea8], ruleLogic=AND), $.age=MatchingRuleGroup(rules=[NumberTypeMatcher(numberType=INTEGER)], ruleLogic=AND)})})
	generators: Generators(categories={})
	body: OptionalBody(state=PRESENT, value={"empid":"214","age":30})
22:34:52.130 [Test worker] DEBUG org.apache.http.wire -  << "HTTP/1.1 200 OK[\r][\n]"
22:34:52.130 [Test worker] DEBUG org.apache.http.wire -  << "Date: Fri, 30 Nov 2018 17:04:52 GMT[\r][\n]"
22:34:52.130 [Test worker] DEBUG org.apache.http.wire -  << "Content-length: 24[\r][\n]"
22:34:52.130 [Test worker] DEBUG org.apache.http.wire -  << "Content-Type: application/json[\r][\n]"
22:34:52.130 [Test worker] DEBUG org.apache.http.wire -  << "[\r][\n]"
22:34:52.130 [Test worker] DEBUG org.apache.http.impl.conn.DefaultClientConnection - Receiving response: HTTP/1.1 200 OK
22:34:52.130 [Test worker] DEBUG org.apache.http.headers - << HTTP/1.1 200 OK
22:34:52.130 [Test worker] DEBUG org.apache.http.headers - << Date: Fri, 30 Nov 2018 17:04:52 GMT
22:34:52.130 [Test worker] DEBUG org.apache.http.headers - << Content-length: 24
22:34:52.130 [Test worker] DEBUG org.apache.http.headers - << Content-Type: application/json
22:34:52.131 [Test worker] DEBUG org.apache.http.impl.client.DefaultHttpClient - Connection can be kept alive indefinitely
22:34:52.153 [Test worker] DEBUG com.jayway.restassured.internal.RequestSpecificationImpl$RestAssuredHttpBuilder - Parsing response as: application/json
22:34:52.153 [Test worker] DEBUG com.jayway.restassured.internal.RequestSpecificationImpl$RestAssuredHttpBuilder - Parsed data to instance of: class org.apache.http.conn.EofSensorInputStream
22:34:52.318 [Test worker] DEBUG au.com.dius.pact.consumer.BaseMockServer - Mock server shutdown
22:34:52.334 [Test worker] DEBUG au.com.dius.pact.consumer.BaseMockServer - Writing pact ConsumerA -> UserService to file pacts\ConsumerA-UserService.json
]]></system-out>
  <system-err><![CDATA[]]></system-err>
</testsuite>
