<?xml version="1.0" encoding="UTF-8"?>
<testsuite name="com.pact.consumer.ConsumerA" tests="1" skipped="0" failures="0" errors="0" timestamp="2021-02-02T09:24:11" hostname="DESKTOP-F5H89SR" time="3.797">
  <properties/>
  <testcase name="runTest" classname="com.pact.consumer.ConsumerA" time="3.797"/>
  <system-out><![CDATA[14:54:12.148 [Test worker] DEBUG au.com.dius.pact.consumer.BaseJdkMockServer - Starting mock server
14:54:12.154 [Test worker] DEBUG au.com.dius.pact.consumer.BaseJdkMockServer - Mock server started: /127.0.0.1:8112
14:54:12.761 [Test worker] DEBUG org.apache.http.client.protocol.RequestAddCookies - CookieSpec selected: default
14:54:12.770 [Test worker] DEBUG org.apache.http.client.protocol.RequestAuthCache - Auth cache not set in the context
14:54:12.772 [Test worker] DEBUG org.apache.http.impl.conn.BasicHttpClientConnectionManager - Get connection for route {}->http://localhost:8112
14:54:12.785 [Test worker] DEBUG org.apache.http.impl.conn.DefaultManagedHttpClientConnection - http-outgoing-0: set socket timeout to 0
14:54:12.786 [Test worker] DEBUG org.apache.http.impl.execchain.MainClientExec - Opening connection {}->http://localhost:8112
14:54:12.787 [Test worker] DEBUG org.apache.http.impl.conn.DefaultHttpClientConnectionOperator - Connecting to localhost/127.0.0.1:8112
14:54:12.792 [Test worker] DEBUG org.apache.http.impl.conn.DefaultHttpClientConnectionOperator - Connection established 127.0.0.1:63082<->127.0.0.1:8112
14:54:12.792 [Test worker] DEBUG org.apache.http.impl.execchain.MainClientExec - Executing request OPTIONS / HTTP/1.1
14:54:12.793 [Test worker] DEBUG org.apache.http.impl.execchain.MainClientExec - Target auth state: UNCHALLENGED
14:54:12.793 [Test worker] DEBUG org.apache.http.impl.execchain.MainClientExec - Proxy auth state: UNCHALLENGED
14:54:12.797 [Test worker] DEBUG org.apache.http.headers - http-outgoing-0 >> OPTIONS / HTTP/1.1
14:54:12.797 [Test worker] DEBUG org.apache.http.headers - http-outgoing-0 >> X-PACT-BOOTCHECK: true
14:54:12.797 [Test worker] DEBUG org.apache.http.headers - http-outgoing-0 >> Host: localhost:8112
14:54:12.797 [Test worker] DEBUG org.apache.http.headers - http-outgoing-0 >> Connection: Keep-Alive
14:54:12.797 [Test worker] DEBUG org.apache.http.headers - http-outgoing-0 >> User-Agent: Apache-HttpClient/4.5.5 (Java/1.8.0_144)
14:54:12.797 [Test worker] DEBUG org.apache.http.headers - http-outgoing-0 >> Accept-Encoding: gzip,deflate
14:54:12.797 [Test worker] DEBUG org.apache.http.wire - http-outgoing-0 >> "OPTIONS / HTTP/1.1[\r][\n]"
14:54:12.798 [Test worker] DEBUG org.apache.http.wire - http-outgoing-0 >> "X-PACT-BOOTCHECK: true[\r][\n]"
14:54:12.798 [Test worker] DEBUG org.apache.http.wire - http-outgoing-0 >> "Host: localhost:8112[\r][\n]"
14:54:12.798 [Test worker] DEBUG org.apache.http.wire - http-outgoing-0 >> "Connection: Keep-Alive[\r][\n]"
14:54:12.798 [Test worker] DEBUG org.apache.http.wire - http-outgoing-0 >> "User-Agent: Apache-HttpClient/4.5.5 (Java/1.8.0_144)[\r][\n]"
14:54:12.798 [Test worker] DEBUG org.apache.http.wire - http-outgoing-0 >> "Accept-Encoding: gzip,deflate[\r][\n]"
14:54:12.798 [Test worker] DEBUG org.apache.http.wire - http-outgoing-0 >> "[\r][\n]"
14:54:12.809 [Test worker] DEBUG org.apache.http.wire - http-outgoing-0 << "HTTP/1.1 200 OK[\r][\n]"
14:54:12.809 [Test worker] DEBUG org.apache.http.wire - http-outgoing-0 << "Date: Tue, 02 Feb 2021 09:24:12 GMT[\r][\n]"
14:54:12.809 [Test worker] DEBUG org.apache.http.wire - http-outgoing-0 << "Transfer-encoding: chunked[\r][\n]"
14:54:12.810 [Test worker] DEBUG org.apache.http.wire - http-outgoing-0 << "X-pact-bootcheck: true[\r][\n]"
14:54:12.810 [Test worker] DEBUG org.apache.http.wire - http-outgoing-0 << "[\r][\n]"
14:54:12.813 [Test worker] DEBUG org.apache.http.headers - http-outgoing-0 << HTTP/1.1 200 OK
14:54:12.813 [Test worker] DEBUG org.apache.http.headers - http-outgoing-0 << Date: Tue, 02 Feb 2021 09:24:12 GMT
14:54:12.813 [Test worker] DEBUG org.apache.http.headers - http-outgoing-0 << Transfer-encoding: chunked
14:54:12.813 [Test worker] DEBUG org.apache.http.headers - http-outgoing-0 << X-pact-bootcheck: true
14:54:12.817 [Test worker] DEBUG org.apache.http.impl.execchain.MainClientExec - Connection can be kept alive indefinitely
14:54:12.821 [Test worker] DEBUG org.apache.http.impl.conn.DefaultManagedHttpClientConnection - http-outgoing-0: Close connection
14:54:12.822 [Test worker] DEBUG org.apache.http.impl.execchain.MainClientExec - Connection discarded
14:54:12.822 [Test worker] DEBUG org.apache.http.impl.conn.BasicHttpClientConnectionManager - Releasing connection [Not bound]
14:54:14.475 [Test worker] DEBUG org.apache.http.impl.conn.BasicClientConnectionManager - Get connection for route {}->http://localhost:8112
14:54:14.482 [Test worker] DEBUG org.apache.http.impl.conn.DefaultClientConnectionOperator - Connecting to localhost:8112
14:54:14.490 [Test worker] DEBUG org.apache.http.client.protocol.RequestAddCookies - CookieSpec selected: ignoreCookies
14:54:14.492 [Test worker] DEBUG org.apache.http.client.protocol.RequestAuthCache - Auth cache not set in the context
14:54:14.492 [Test worker] DEBUG org.apache.http.client.protocol.RequestTargetAuthentication - Target auth state: UNCHALLENGED
14:54:14.494 [Test worker] DEBUG org.apache.http.client.protocol.RequestProxyAuthentication - Proxy auth state: UNCHALLENGED
14:54:14.494 [Test worker] DEBUG org.apache.http.impl.client.DefaultHttpClient - Attempt 1 to execute request
14:54:14.495 [Test worker] DEBUG org.apache.http.impl.conn.DefaultClientConnection - Sending request: GET /user/Peter/214 HTTP/1.1
14:54:14.502 [Test worker] DEBUG org.apache.http.wire -  >> "GET /user/Peter/214 HTTP/1.1[\r][\n]"
14:54:14.502 [Test worker] DEBUG org.apache.http.wire -  >> "Content-Type: application/json; charset=UTF-8[\r][\n]"
14:54:14.502 [Test worker] DEBUG org.apache.http.wire -  >> "Accept: */*[\r][\n]"
14:54:14.502 [Test worker] DEBUG org.apache.http.wire -  >> "Host: localhost:8112[\r][\n]"
14:54:14.502 [Test worker] DEBUG org.apache.http.wire -  >> "Connection: Keep-Alive[\r][\n]"
14:54:14.503 [Test worker] DEBUG org.apache.http.wire -  >> "User-Agent: Apache-HttpClient/4.5.5 (Java/1.8.0_144)[\r][\n]"
14:54:14.507 [Test worker] DEBUG org.apache.http.wire -  >> "Accept-Encoding: gzip,deflate[\r][\n]"
14:54:14.507 [Test worker] DEBUG org.apache.http.wire -  >> "[\r][\n]"
14:54:14.507 [Test worker] DEBUG org.apache.http.headers - >> GET /user/Peter/214 HTTP/1.1
14:54:14.507 [Test worker] DEBUG org.apache.http.headers - >> Content-Type: application/json; charset=UTF-8
14:54:14.507 [Test worker] DEBUG org.apache.http.headers - >> Accept: */*
14:54:14.507 [Test worker] DEBUG org.apache.http.headers - >> Host: localhost:8112
14:54:14.507 [Test worker] DEBUG org.apache.http.headers - >> Connection: Keep-Alive
14:54:14.507 [Test worker] DEBUG org.apache.http.headers - >> User-Agent: Apache-HttpClient/4.5.5 (Java/1.8.0_144)
14:54:14.508 [Test worker] DEBUG org.apache.http.headers - >> Accept-Encoding: gzip,deflate
14:54:14.514 [Thread-5] DEBUG au.com.dius.pact.consumer.BaseJdkMockServer - Received request: 	method: GET
	path: /user/Peter/214
	query: {}
	headers: {Accept-encoding=[gzip,deflate], Accept=[*/*], Connection=[Keep-Alive], Host=[localhost:8112], User-agent=[Apache-HttpClient/4.5.5 (Java/1.8.0_144)], Content-type=[application/json; charset=UTF-8]}
	matchers: MatchingRules(rules={})
	generators: Generators(categories={})
	body: EMPTY
14:54:14.516 [Thread-5] DEBUG au.com.dius.pact.core.matchers.RequestMatching - comparing to expected request: 
	method: GET
	path: /user/Peter/214
	query: {}
	headers: {}
	matchers: MatchingRules(rules={})
	generators: Generators(categories={})
	body: MISSING
14:54:14.525 [Thread-5] DEBUG au.com.dius.pact.core.matchers.RequestMatching - Request mismatch: []
14:54:14.613 [Thread-5] DEBUG au.com.dius.pact.consumer.BaseJdkMockServer - Generating response: 	status: 200
	headers: {Content-Type=[application/json]}
	matchers: MatchingRules(rules={body=Category(name=body, matchingRules={$.empid=MatchingRuleGroup(rules=[au.com.dius.pact.core.model.matchingrules.TypeMatcher@6d9dee3f], ruleLogic=AND), $.age=MatchingRuleGroup(rules=[NumberTypeMatcher(numberType=INTEGER)], ruleLogic=AND)})})
	generators: Generators(categories={})
	body: PRESENT({"empid":"214","age":30})
14:54:14.615 [Test worker] DEBUG org.apache.http.wire -  << "HTTP/1.1 200 OK[\r][\n]"
14:54:14.615 [Test worker] DEBUG org.apache.http.wire -  << "Date: Tue, 02 Feb 2021 09:24:14 GMT[\r][\n]"
14:54:14.615 [Test worker] DEBUG org.apache.http.wire -  << "Content-length: 24[\r][\n]"
14:54:14.615 [Test worker] DEBUG org.apache.http.wire -  << "Content-Type: application/json[\r][\n]"
14:54:14.615 [Test worker] DEBUG org.apache.http.wire -  << "[\r][\n]"
14:54:14.615 [Test worker] DEBUG org.apache.http.impl.conn.DefaultClientConnection - Receiving response: HTTP/1.1 200 OK
14:54:14.615 [Test worker] DEBUG org.apache.http.headers - << HTTP/1.1 200 OK
14:54:14.615 [Test worker] DEBUG org.apache.http.headers - << Date: Tue, 02 Feb 2021 09:24:14 GMT
14:54:14.615 [Test worker] DEBUG org.apache.http.headers - << Content-length: 24
14:54:14.615 [Test worker] DEBUG org.apache.http.headers - << Content-Type: application/json
14:54:14.616 [Test worker] DEBUG org.apache.http.impl.client.DefaultHttpClient - Connection can be kept alive indefinitely
14:54:14.659 [Test worker] DEBUG io.restassured.internal.RequestSpecificationImpl$RestAssuredHttpBuilder - Parsing response as: application/json
14:54:14.660 [Test worker] DEBUG io.restassured.internal.RequestSpecificationImpl$RestAssuredHttpBuilder - Parsed data to instance of: class org.apache.http.conn.EofSensorInputStream
14:54:14.845 [Test worker] DEBUG au.com.dius.pact.consumer.BaseJdkMockServer - Mock server shutdown
14:54:14.870 [Test worker] DEBUG au.com.dius.pact.consumer.BaseMockServer - Writing pact ConsumerA -> UserService to file build\pacts\ConsumerA-UserService.json
]]></system-out>
  <system-err><![CDATA[]]></system-err>
</testsuite>
